{"/Users/kevinpang/Projects/desmosFlagship/src/assets/locales/i18n.ts": {"path":"/Users/kevinpang/Projects/desmosFlagship/src/assets/locales/i18n.ts","statementMap":{"0":{"start":{"line":5,"column":0},"end":{"line":21,"column":18}}},"fnMap":{"0":{"name":"(anonymous_0)","decl":{"start":{"line":21,"column":8},"end":{"line":21,"column":9}},"loc":{"start":{"line":21,"column":14},"end":{"line":21,"column":16}},"line":21}},"branchMap":{},"s":{"0":1},"f":{"0":1},"b":{},"_coverageSchema":"1a1c01bbd47fc00a2c39e90264f33305004495a9","hash":"ee88fb821c4297e1f24cad0f67c189b724cd9552"}
,"/Users/kevinpang/Projects/desmosFlagship/src/assets/locales/en/index.ts": {"path":"/Users/kevinpang/Projects/desmosFlagship/src/assets/locales/en/index.ts","statementMap":{"0":{"start":{"line":38,"column":11},"end":{"line":75,"column":1}}},"fnMap":{},"branchMap":{},"s":{"0":1},"f":{},"b":{},"_coverageSchema":"1a1c01bbd47fc00a2c39e90264f33305004495a9","hash":"5ee790c9071ab3182913506d86ad986d63379d73"}
,"/Users/kevinpang/Projects/desmosFlagship/src/config/EnvConfig.ts": {"path":"/Users/kevinpang/Projects/desmosFlagship/src/config/EnvConfig.ts","statementMap":{"0":{"start":{"line":3,"column":18},"end":{"line":17,"column":1}}},"fnMap":{},"branchMap":{},"s":{"0":1},"f":{},"b":{},"_coverageSchema":"1a1c01bbd47fc00a2c39e90264f33305004495a9","hash":"e9d89d7ca5aee81b529eca480e8d4b536fab685c"}
,"/Users/kevinpang/Projects/desmosFlagship/src/lib/MMKVStorage/index.ts": {"path":"/Users/kevinpang/Projects/desmosFlagship/src/lib/MMKVStorage/index.ts","statementMap":{"0":{"start":{"line":18,"column":20},"end":{"line":20,"column":2}},"1":{"start":{"line":26,"column":23},"end":{"line":36,"column":1}},"2":{"start":{"line":27,"column":20},"end":{"line":27,"column":46}},"3":{"start":{"line":29,"column":2},"end":{"line":29,"column":35}},"4":{"start":{"line":29,"column":18},"end":{"line":29,"column":35}},"5":{"start":{"line":30,"column":2},"end":{"line":35,"column":3}},"6":{"start":{"line":31,"column":4},"end":{"line":31,"column":33}},"7":{"start":{"line":33,"column":4},"end":{"line":33,"column":21}},"8":{"start":{"line":34,"column":4},"end":{"line":34,"column":33}},"9":{"start":{"line":41,"column":23},"end":{"line":42,"column":45}},"10":{"start":{"line":42,"column":2},"end":{"line":42,"column":45}},"11":{"start":{"line":47,"column":25},"end":{"line":47,"column":53}},"12":{"start":{"line":47,"column":31},"end":{"line":47,"column":53}},"13":{"start":{"line":52,"column":30},"end":{"line":54,"column":1}},"14":{"start":{"line":53,"column":2},"end":{"line":53,"column":44}}},"fnMap":{"0":{"name":"(anonymous_0)","decl":{"start":{"line":26,"column":23},"end":{"line":26,"column":24}},"loc":{"start":{"line":26,"column":60},"end":{"line":36,"column":1}},"line":26},"1":{"name":"(anonymous_1)","decl":{"start":{"line":41,"column":23},"end":{"line":41,"column":24}},"loc":{"start":{"line":42,"column":2},"end":{"line":42,"column":45}},"line":42},"2":{"name":"(anonymous_2)","decl":{"start":{"line":47,"column":25},"end":{"line":47,"column":26}},"loc":{"start":{"line":47,"column":31},"end":{"line":47,"column":53}},"line":47},"3":{"name":"(anonymous_3)","decl":{"start":{"line":52,"column":30},"end":{"line":52,"column":31}},"loc":{"start":{"line":52,"column":52},"end":{"line":54,"column":1}},"line":52}},"branchMap":{"0":{"loc":{"start":{"line":29,"column":2},"end":{"line":29,"column":35}},"type":"if","locations":[{"start":{"line":29,"column":2},"end":{"line":29,"column":35}},{"start":{},"end":{}}],"line":29}},"s":{"0":1,"1":1,"2":0,"3":0,"4":0,"5":0,"6":0,"7":0,"8":0,"9":1,"10":0,"11":1,"12":0,"13":1,"14":0},"f":{"0":0,"1":0,"2":0,"3":0},"b":{"0":[0,0]},"_coverageSchema":"1a1c01bbd47fc00a2c39e90264f33305004495a9","hash":"d8e85f32207100ba583340fc72203d037e977530"}
,"/Users/kevinpang/Projects/desmosFlagship/src/services/axios/index.ts": {"path":"/Users/kevinpang/Projects/desmosFlagship/src/services/axios/index.ts","statementMap":{"0":{"start":{"line":6,"column":22},"end":{"line":9,"column":2}},"1":{"start":{"line":14,"column":39},"end":{"line":25,"column":1}},"2":{"start":{"line":17,"column":22},"end":{"line":17,"column":55}},"3":{"start":{"line":20,"column":2},"end":{"line":20,"column":27}},"4":{"start":{"line":20,"column":20},"end":{"line":20,"column":27}},"5":{"start":{"line":22,"column":2},"end":{"line":22,"column":80}},"6":{"start":{"line":24,"column":2},"end":{"line":24,"column":25}},"7":{"start":{"line":30,"column":31},"end":{"line":34,"column":1}},"8":{"start":{"line":31,"column":2},"end":{"line":31,"column":46}},"9":{"start":{"line":33,"column":2},"end":{"line":33,"column":77}}},"fnMap":{"0":{"name":"(anonymous_0)","decl":{"start":{"line":14,"column":39},"end":{"line":14,"column":40}},"loc":{"start":{"line":14,"column":51},"end":{"line":25,"column":1}},"line":14},"1":{"name":"(anonymous_1)","decl":{"start":{"line":30,"column":31},"end":{"line":30,"column":32}},"loc":{"start":{"line":30,"column":53},"end":{"line":34,"column":1}},"line":30}},"branchMap":{"0":{"loc":{"start":{"line":20,"column":2},"end":{"line":20,"column":27}},"type":"if","locations":[{"start":{"line":20,"column":2},"end":{"line":20,"column":27}},{"start":{},"end":{}}],"line":20}},"s":{"0":1,"1":1,"2":0,"3":0,"4":0,"5":0,"6":0,"7":1,"8":0,"9":0},"f":{"0":0,"1":0},"b":{"0":[0,0]},"_coverageSchema":"1a1c01bbd47fc00a2c39e90264f33305004495a9","hash":"f9479a7f42a6e34443a2a66a6ba0d2e181521274"}
,"/Users/kevinpang/Projects/desmosFlagship/src/services/axios/requests/RefreshSession/index.ts": {"path":"/Users/kevinpang/Projects/desmosFlagship/src/services/axios/requests/RefreshSession/index.ts","statementMap":{"0":{"start":{"line":6,"column":23},"end":{"line":16,"column":1}},"1":{"start":{"line":7,"column":20},"end":{"line":7,"column":56}},"2":{"start":{"line":9,"column":2},"end":{"line":15,"column":3}},"3":{"start":{"line":10,"column":4},"end":{"line":14,"column":6}}},"fnMap":{"0":{"name":"(anonymous_0)","decl":{"start":{"line":6,"column":23},"end":{"line":6,"column":24}},"loc":{"start":{"line":6,"column":35},"end":{"line":16,"column":1}},"line":6}},"branchMap":{"0":{"loc":{"start":{"line":9,"column":2},"end":{"line":15,"column":3}},"type":"if","locations":[{"start":{"line":9,"column":2},"end":{"line":15,"column":3}},{"start":{},"end":{}}],"line":9}},"s":{"0":1,"1":0,"2":0,"3":0},"f":{"0":0},"b":{"0":[0,0]},"_coverageSchema":"1a1c01bbd47fc00a2c39e90264f33305004495a9","hash":"abf905906b5fd68f30a3a6415ce3f7311a9677c7"}
,"/Users/kevinpang/Projects/desmosFlagship/src/services/axios/requests/UploadMedia/index.ts": {"path":"/Users/kevinpang/Projects/desmosFlagship/src/services/axios/requests/UploadMedia/index.ts","statementMap":{"0":{"start":{"line":63,"column":20},"end":{"line":98,"column":1}},"1":{"start":{"line":70,"column":19},"end":{"line":70,"column":33}},"2":{"start":{"line":71,"column":2},"end":{"line":75,"column":5}},"3":{"start":{"line":77,"column":2},"end":{"line":97,"column":3}},"4":{"start":{"line":78,"column":22},"end":{"line":85,"column":6}},"5":{"start":{"line":84,"column":32},"end":{"line":84,"column":46}},"6":{"start":{"line":87,"column":4},"end":{"line":90,"column":6}},"7":{"start":{"line":92,"column":4},"end":{"line":96,"column":5}},"8":{"start":{"line":93,"column":6},"end":{"line":93,"column":33}},"9":{"start":{"line":95,"column":6},"end":{"line":95,"column":35}}},"fnMap":{"0":{"name":"(anonymous_0)","decl":{"start":{"line":63,"column":20},"end":{"line":63,"column":21}},"loc":{"start":{"line":69,"column":14},"end":{"line":98,"column":1}},"line":69},"1":{"name":"(anonymous_1)","decl":{"start":{"line":84,"column":22},"end":{"line":84,"column":23}},"loc":{"start":{"line":84,"column":32},"end":{"line":84,"column":46}},"line":84}},"branchMap":{"0":{"loc":{"start":{"line":74,"column":9},"end":{"line":74,"column":77}},"type":"cond-expr","locations":[{"start":{"line":74,"column":37},"end":{"line":74,"column":44}},{"start":{"line":74,"column":47},"end":{"line":74,"column":77}}],"line":74},"1":{"loc":{"start":{"line":92,"column":4},"end":{"line":96,"column":5}},"type":"if","locations":[{"start":{"line":92,"column":4},"end":{"line":96,"column":5}},{"start":{"line":94,"column":11},"end":{"line":96,"column":5}}],"line":92}},"s":{"0":1,"1":2,"2":2,"3":2,"4":2,"5":0,"6":1,"7":1,"8":1,"9":0},"f":{"0":2,"1":0},"b":{"0":[0,2],"1":[1,0]},"_coverageSchema":"1a1c01bbd47fc00a2c39e90264f33305004495a9","hash":"d1ee9a2a07e5afd305c5222f93b97b53345b5cc4"}
}
