TN:
SF:src/assets/locales/i18n.ts
FN:21,(anonymous_0)
FNF:1
FNH:1
FNDA:1,(anonymous_0)
DA:5,1
LF:1
LH:1
BRF:0
BRH:0
end_of_record
TN:
SF:src/assets/locales/en/index.ts
FNF:0
FNH:0
DA:38,1
LF:1
LH:1
BRF:0
BRH:0
end_of_record
TN:
SF:src/config/EnvConfig.ts
FNF:0
FNH:0
DA:3,1
LF:1
LH:1
BRF:0
BRH:0
end_of_record
TN:
SF:src/lib/MMKVStorage/index.ts
FN:26,(anonymous_0)
FN:41,(anonymous_1)
FN:47,(anonymous_2)
FN:52,(anonymous_3)
FNF:4
FNH:0
FNDA:0,(anonymous_0)
FNDA:0,(anonymous_1)
FNDA:0,(anonymous_2)
FNDA:0,(anonymous_3)
DA:18,1
DA:26,1
DA:27,0
DA:29,0
DA:30,0
DA:31,0
DA:33,0
DA:34,0
DA:41,1
DA:42,0
DA:47,1
DA:52,1
DA:53,0
LF:13
LH:5
BRDA:29,0,0,0
BRDA:29,0,1,0
BRF:2
BRH:0
end_of_record
TN:
SF:src/services/axios/index.ts
FN:14,(anonymous_0)
FN:30,(anonymous_1)
FNF:2
FNH:0
FNDA:0,(anonymous_0)
FNDA:0,(anonymous_1)
DA:6,1
DA:14,1
DA:17,0
DA:20,0
DA:22,0
DA:24,0
DA:30,1
DA:31,0
DA:33,0
LF:9
LH:3
BRDA:20,0,0,0
BRDA:20,0,1,0
BRF:2
BRH:0
end_of_record
TN:
SF:src/services/axios/requests/RefreshSession/index.ts
FN:6,(anonymous_0)
FNF:1
FNH:0
FNDA:0,(anonymous_0)
DA:6,1
DA:7,0
DA:9,0
DA:10,0
LF:4
LH:1
BRDA:9,0,0,0
BRDA:9,0,1,0
BRF:2
BRH:0
end_of_record
TN:
SF:src/services/axios/requests/UploadMedia/index.ts
FN:63,(anonymous_0)
FN:84,(anonymous_1)
FNF:2
FNH:1
FNDA:2,(anonymous_0)
FNDA:0,(anonymous_1)
DA:63,1
DA:70,2
DA:71,2
DA:77,2
DA:78,2
DA:84,0
DA:87,1
DA:92,1
DA:93,1
DA:95,0
LF:10
LH:8
BRDA:74,0,0,0
BRDA:74,0,1,2
BRDA:92,1,0,1
BRDA:92,1,1,0
BRF:4
BRH:2
end_of_record
